0 info it worked if it ends with ok
1 verbose cli [ '/package/host/localhost/nodejs-0.10.36/bin/node',
1 verbose cli   '/usr/local/bin/npm',
1 verbose cli   'install',
1 verbose cli   'audio.js' ]
2 info using npm@1.4.28
3 info using node@v0.10.36
4 warn package.json karma-phantomjs-launcher@0.1.4 No README data
5 verbose readDependencies using package.json deps
6 verbose cache add [ 'audio.js', null ]
7 verbose cache add name=undefined spec="audio.js" args=["audio.js",null]
8 verbose parsed url { protocol: null,
8 verbose parsed url   slashes: null,
8 verbose parsed url   auth: null,
8 verbose parsed url   host: null,
8 verbose parsed url   port: null,
8 verbose parsed url   hostname: null,
8 verbose parsed url   hash: null,
8 verbose parsed url   search: null,
8 verbose parsed url   query: null,
8 verbose parsed url   pathname: 'audio.js',
8 verbose parsed url   path: 'audio.js',
8 verbose parsed url   href: 'audio.js' }
9 silly lockFile 2e04e336-audio-js audio.js
10 verbose lock audio.js /home/loop/.npm/2e04e336-audio-js.lock
11 silly lockFile 2e04e336-audio-js audio.js
12 silly lockFile 2e04e336-audio-js audio.js
13 verbose addNamed [ 'audio.js', '' ]
14 verbose addNamed [ null, '*' ]
15 silly lockFile 174ffe5f-audio-js audio.js@
16 verbose lock audio.js@ /home/loop/.npm/174ffe5f-audio-js.lock
17 silly addNameRange { name: 'audio.js', range: '*', hasData: false }
18 verbose request where is /audio.js
19 verbose request registry https://registry.npmjs.org/
20 verbose request id 252aadd76922a431
21 verbose url raw /audio.js
22 verbose url resolving [ 'https://registry.npmjs.org/', './audio.js' ]
23 verbose url resolved https://registry.npmjs.org/audio.js
24 verbose request where is https://registry.npmjs.org/audio.js
25 info trying registry request attempt 1 at 14:58:22
26 http GET https://registry.npmjs.org/audio.js
27 http 404 https://registry.npmjs.org/audio.js
28 verbose headers { date: 'Tue, 03 Feb 2015 13:58:23 GMT',
28 verbose headers   server: 'CouchDB/1.5.0 (Erlang OTP/R16B03)',
28 verbose headers   'content-type': 'application/json',
28 verbose headers   'cache-control': 'max-age=0',
28 verbose headers   'content-length': '52',
28 verbose headers   'accept-ranges': 'bytes',
28 verbose headers   via: '1.1 varnish',
28 verbose headers   age: '0',
28 verbose headers   'x-served-by': 'cache-ams4147-AMS',
28 verbose headers   'x-cache': 'MISS',
28 verbose headers   'x-cache-hits': '0',
28 verbose headers   'x-timer': 'S1422971902.998972,VS0,VE659',
28 verbose headers   'keep-alive': 'timeout=10, max=50',
28 verbose headers   connection: 'Keep-Alive' }
29 silly registry.get cb [ 404,
29 silly registry.get   { date: 'Tue, 03 Feb 2015 13:58:23 GMT',
29 silly registry.get     server: 'CouchDB/1.5.0 (Erlang OTP/R16B03)',
29 silly registry.get     'content-type': 'application/json',
29 silly registry.get     'cache-control': 'max-age=0',
29 silly registry.get     'content-length': '52',
29 silly registry.get     'accept-ranges': 'bytes',
29 silly registry.get     via: '1.1 varnish',
29 silly registry.get     age: '0',
29 silly registry.get     'x-served-by': 'cache-ams4147-AMS',
29 silly registry.get     'x-cache': 'MISS',
29 silly registry.get     'x-cache-hits': '0',
29 silly registry.get     'x-timer': 'S1422971902.998972,VS0,VE659',
29 silly registry.get     'keep-alive': 'timeout=10, max=50',
29 silly registry.get     connection: 'Keep-Alive' } ]
30 silly lockFile 174ffe5f-audio-js audio.js@
31 silly lockFile 174ffe5f-audio-js audio.js@
32 error 404 404 Not Found: audio.js
32 error 404
32 error 404 'audio.js' is not in the npm registry.
32 error 404 You should bug the author to publish it
32 error 404 It was specified as a dependency of 'LoopCode'
32 error 404
32 error 404 Maybe try 'npm search audio'
32 error 404
32 error 404 Note that you can also install from a
32 error 404 tarball, folder, or http url, or git url.
33 error System Linux 2.6.32-504.3.3.el6.x86_64
34 error command "/package/host/localhost/nodejs-0.10.36/bin/node" "/usr/local/bin/npm" "install" "audio.js"
35 error cwd /var/www/virtual/loop/html/themes/loopshape
36 error node -v v0.10.36
37 error npm -v 1.4.28
38 error code E404
39 verbose exit [ 1, true ]
