0 info it worked if it ends with ok
1 verbose cli [ '/package/host/localhost/nodejs-0.10.36/bin/node',
1 verbose cli   '/usr/local/bin/npm',
1 verbose cli   'install',
1 verbose cli   '--prefix=/home/loop' ]
2 info using npm@1.4.28
3 info using node@v0.10.36
4 verbose config Skipping project config: /home/loop/.npmrc. (matches userconfig)
5 error install Couldn't read dependencies
6 error package.json ENOENT, open '/home/loop/package.json'
6 error package.json This is most likely not a problem with npm itself.
6 error package.json npm can't find a package.json file in your current directory.
7 error System Linux 2.6.32-504.3.3.el6.x86_64
8 error command "/package/host/localhost/nodejs-0.10.36/bin/node" "/usr/local/bin/npm" "install" "--prefix=/home/loop"
9 error cwd /var/www/virtual/loop/html/loopcode
10 error node -v v0.10.36
11 error npm -v 1.4.28
12 error path /home/loop/package.json
13 error code ENOPACKAGEJSON
14 error errno 34
15 verbose exit [ 34, true ]
